[14:44:05] [Server thread/INFO]: Starting minecraft server version 1.7.10
[14:44:37] [Server thread/INFO]: Loading properties
[14:44:37] [Server thread/INFO]: Default game type: SURVIVAL
[14:44:37] [Server thread/INFO]: Generating keypair
[14:44:37] [Server thread/INFO]: Starting Minecraft server on *:25565
[14:44:50] [Server thread/INFO]: Preparing level "world"
[14:44:51] [Server thread/WARN]: Unable to find spawn biome
[14:44:51] [Server thread/WARN]: Unable to find spawn biome
[14:44:53] [Server thread/INFO]: Preparing start region for level 0
[14:44:54] [Server thread/INFO]: Preparing spawn area: 10%
[14:44:55] [Server thread/INFO]: Preparing spawn area: 22%
[14:44:56] [Server thread/INFO]: Preparing spawn area: 35%
[14:44:57] [Server thread/INFO]: Preparing spawn area: 49%
[14:44:58] [Server thread/INFO]: Preparing spawn area: 61%
[14:44:59] [Server thread/INFO]: Preparing spawn area: 73%
[14:45:00] [Server thread/INFO]: Preparing spawn area: 85%
[14:45:01] [Server thread/INFO]: Preparing spawn area: 98%
[14:45:01] [Server thread/INFO]: Done (14.529s)! For help, type "help" or "?"
[14:45:07] [User Authenticator #1/INFO]: UUID of player Banbeck is 751771c0-8d85-44e4-bcf7-af761421e43a
[14:45:07] [Server thread/INFO]: Banbeck[/127.0.0.1:55117] logged in with entity id 1726 at (-123.5, 66.0, 264.5)
[14:45:07] [Server thread/INFO]: Banbeck joined the game
[14:45:14] [Server thread/WARN]: Can't keep up! Did the system time change, or is the server overloaded? Running 7015ms behind, skipping 140 tick(s)
[14:45:28] [Server thread/WARN]: Fetching addPacket for removed entity
[14:45:28] [Server thread/WARN]: Fetching addPacket for removed entity
[14:45:28] [Server thread/INFO]: Banbeck fell out of the world
[14:45:33] [Server thread/INFO]: Banbeck has just earned the achievement [Taking Inventory]
[14:45:43] [Server thread/INFO]: Banbeck lost connection: TextComponent{text='Disconnected', siblings=[], style=Style{hasParent=false, color=null, bold=null, italic=null, underlined=null, obfuscated=null, clickEvent=null, hoverEvent=null}}
[14:45:43] [Server thread/INFO]: Banbeck left the game
[14:45:45] [Server thread/WARN]: Can't keep up! Did the system time change, or is the server overloaded? Running 18962ms behind, skipping 379 tick(s)
[14:45:53] [Server thread/INFO]: Stopping the server
[14:45:53] [Server thread/INFO]: Stopping server
[14:45:53] [Server thread/INFO]: Saving players
[14:45:53] [Server thread/INFO]: Saving worlds
[14:45:53] [Server thread/INFO]: Saving chunks for level 'world'/Overworld
[14:45:53] [Server thread/INFO]: Saving chunks for level 'world'/Nether
[14:45:53] [Server thread/INFO]: Saving chunks for level 'world'/Outer Lands
[14:45:53] [Server thread/INFO]: Saving chunks for level 'world'/PocketDimension
[14:45:53] [Server thread/INFO]: Saving chunks for level 'world'/Pocket Plane
[14:45:53] [Server thread/INFO]: Saving chunks for level 'world'/Dungeons
[14:45:53] [Server thread/INFO]: Saving chunks for level 'world'/Wyvern Lair
[14:45:53] [Server thread/INFO]: Saving chunks for level 'world'/The Last Millenium
[14:45:53] [Server thread/INFO]: Saving chunks for level 'world'/Aether
