INFO: Adding command minetweaker
INFO: Adding minetweaker command tooltips
INFO: Adding minetweaker command entities
INFO: Adding minetweaker command lexiconCategories
INFO: Adding minetweaker command lexiconPages
INFO: Adding minetweaker command botaniaBrews
INFO: Adding minetweaker command lexiconKnowledgeTypes
INFO: Adding minetweaker command botaniaOrechid
INFO: Adding minetweaker command botania
INFO: Adding minetweaker command chiselGroups
INFO: Adding minetweaker command chiselVariations
INFO: Adding minetweaker command research
INFO: Adding minetweaker command aspectList
INFO: Adding minetweaker command mfr
INFO: Adding minetweaker command tooltips
INFO: Adding minetweaker command entities
INFO: Adding minetweaker command lexiconCategories
INFO: Adding minetweaker command lexiconPages
INFO: Adding minetweaker command botaniaBrews
INFO: Adding minetweaker command lexiconKnowledgeTypes
INFO: Adding minetweaker command botaniaOrechid
INFO: Adding minetweaker command botania
INFO: Adding minetweaker command chiselGroups
INFO: Adding minetweaker command chiselVariations
INFO: Adding minetweaker command research
INFO: Adding minetweaker command aspectList
Biomes:
    Ocean
    Plains
    Desert
    Extreme Hills
    Forest
    Taiga
    Swampland
    River
    Hell
    Sky
    FrozenOcean
    FrozenRiver
    Ice Plains
    Ice Mountains
    MushroomIsland
    MushroomIslandShore
    Beach
    DesertHills
    ForestHills
    TaigaHills
    Extreme Hills Edge
    Jungle
    JungleHills
    JungleEdge
    Deep Ocean
    Stone Beach
    Cold Beach
    Birch Forest
    Birch Forest Hills
    Roofed Forest
    Cold Taiga
    Cold Taiga Hills
    Mega Taiga
    Mega Taiga Hills
    Extreme Hills+
    Savanna
    Savanna Plateau
    Mesa
    Mesa Plateau F
    Mesa Plateau
    Twilight Lake
    Twilight Forest
    Dense Twilight Forest
    Twilight Highlands
    Mushroom Forest
    Twilight Swamp
    Twilight Stream
    Snowy Forest
    Twilight Glacier
    Twilight Clearing
    Oak Savanna
    Firefly Forest
    Deep Mushroom Forest
    Dark Forest Center
    Highlands Center
    Dark Forest
    Enchanted Forest
    Fire Swamp
    Thornlands
    Pocket Dimension
    WitchwoodForest
    Ocean Oil Field
    Desert Oil Field
    Sunflower Plains
    Desert M
    Extreme Hills M
    Flower Forest
    Taiga M
    Swampland M
    Ice Plains Spikes
    Gravel Beach
    Shrubland
    Snowy Gravel Beach
    Rocky Steppe
    Tropical Shrubland
    Tundra
    Volcano
    Woodland
    Jungle M
    JungleEdge M
    Birch Forest M
    Birch Forest Hills M
    Roofed Forest M
    Cold Taiga M
    Mega Spruce Taiga
    Mega Spruce Taiga
    Extreme Hills+ M
    Savanna M
    Savanna Plateau M
    Mesa (Bryce)
    Mesa Plateau F M
    Mesa Plateau M
    Tainted Land
    Magical Forest
    Eerie
    Eldritch
    Limbo
    Pocket Dimension
    WyvernBiome
